[ 2026-06-13 15:09:41,772 ] 1025 _client.py - INFO -HTTP Request: GET https://dagshub.com/api/v1/user "HTTP/1.1 200 OK"
[ 2026-06-13 15:09:41,780 ] 107 helpers.py - INFO -Accessing as aryansavant31
[ 2026-06-13 15:09:42,296 ] 1025 _client.py - INFO -HTTP Request: GET https://dagshub.com/api/v1/repos/aryansavant31/network_security "HTTP/1.1 200 OK"
[ 2026-06-13 15:09:43,085 ] 1025 _client.py - INFO -HTTP Request: GET https://dagshub.com/api/v1/user "HTTP/1.1 200 OK"
[ 2026-06-13 15:09:43,087 ] 107 helpers.py - INFO -Initialized MLflow to track repo "aryansavant31/network_security"
[ 2026-06-13 15:09:43,089 ] 107 helpers.py - INFO -Repository aryansavant31/network_security initialized!
[ 2026-06-13 15:09:49,490 ] 25 common.py - INFO -yaml file: config\config.yaml loaded successfully
[ 2026-06-13 15:09:49,491 ] 50 common.py - INFO -Creating directory at training_artifacts\06_13_2026_15_09_34
[ 2026-06-13 15:09:49,492 ] 24 training_pipeline.py - INFO ->>>>> Starting data ingestion <<<<<
[ 2026-06-13 15:09:52,010 ] 39 __init__.py - INFO -Imported collection as dataframe from mongodb
[ 2026-06-13 15:09:52,159 ] 49 __init__.py - INFO -Export raw data into training_artifacts\06_13_2026_15_09_34\1_data_ingestion\feature_store
[ 2026-06-13 15:09:52,171 ] 60 __init__.py - INFO -Split data into train and test sets
[ 2026-06-13 15:09:52,323 ] 68 __init__.py - INFO -Exported train and test data to training_artifacts\06_13_2026_15_09_34\1_data_ingestion\ingested
[ 2026-06-13 15:09:52,324 ] 28 training_pipeline.py - INFO - >>>>> Data ingestion completed <<<<<
[ 2026-06-13 15:09:52,325 ] 36 training_pipeline.py - INFO ->>>>> Starting data validation <<<<<
[ 2026-06-13 15:09:52,349 ] 25 common.py - INFO -yaml file: schema.yaml loaded successfully
[ 2026-06-13 15:09:52,646 ] 40 common.py - INFO -yaml file saved sucessfully at training_artifacts\06_13_2026_15_09_34\2_data_validation\drift_report\report.yaml
[ 2026-06-13 15:09:52,646 ] 79 __init__.py - INFO -The incoming data is valid
[ 2026-06-13 15:09:52,649 ] 40 common.py - INFO -yaml file saved sucessfully at training_artifacts\06_13_2026_15_09_34\2_data_validation\valid_status\status.yaml
[ 2026-06-13 15:09:52,650 ] 41 training_pipeline.py - INFO ->>>>> Data validation completed <<<<<
[ 2026-06-13 15:09:52,650 ] 49 training_pipeline.py - INFO ->>>>> Starting data transformation <<<<<
